<?xml version="1.0" encoding="UTF-8"?>
<!-- Generated by org.testng.reporters.JUnitReportReporter -->
<testsuite skipped="0" hostname="DESKTOP-VDQN2TJ" name="org.testcases.Registration" tests="1" failures="0" timestamp="2021-07-16T16:13:42 IST" time="5.158" errors="0">
  <testcase name="registration" time="5.158" classname="org.testcases.Registration"/>
  <system-out/>
</testsuite> <!-- org.testcases.Registration -->
