<?xml version="1.0" encoding="UTF-8"?>
<!-- Generated by org.testng.reporters.JUnitReportReporter -->
<testsuite skipped="0" hostname="DESKTOP-VDQN2TJ" name="org.testcases.AccountsActivityTest" tests="1" failures="0" timestamp="2021-07-18T21:20:47 IST" time="7.782" errors="0">
  <testcase name="accountActivity" time="7.782" classname="org.testcases.AccountsActivityTest"/>
  <system-out/>
</testsuite> <!-- org.testcases.AccountsActivityTest -->
