<?xml version="1.0" encoding="UTF-8"?>
<!-- Generated by org.testng.reporters.JUnitReportReporter -->
<testsuite skipped="0" hostname="DESKTOP-VDQN2TJ" name="org.testcases.RegistrationTest" tests="3" failures="0" timestamp="2021-07-16T23:14:20 IST" time="19.636" errors="0">
  <testcase name="registration" time="5.606" classname="org.testcases.RegistrationTest"/>
  <system-out/>
  <testcase name="fundTransfer" time="7.361" classname="org.testcases.RegistrationTest"/>
  <system-out/>
  <testcase name="accountActivity" time="6.669" classname="org.testcases.RegistrationTest"/>
  <system-out/>
</testsuite> <!-- org.testcases.RegistrationTest -->
