<?xml version="1.0" encoding="UTF-8"?>
<!-- Generated by org.testng.reporters.JUnitReportReporter -->
<testsuite skipped="0" hostname="DESKTOP-VDQN2TJ" name="org.testcases.RegistrationTest" tests="1" failures="0" timestamp="2021-07-18T21:20:47 IST" time="6.300" errors="0">
  <testcase name="registration" time="6.300" classname="org.testcases.RegistrationTest"/>
  <system-out/>
</testsuite> <!-- org.testcases.RegistrationTest -->
