<?xml version="1.0" encoding="UTF-8"?>
<!-- Generated by org.testng.reporters.JUnitReportReporter -->
<testsuite skipped="0" hostname="DESKTOP-VDQN2TJ" name="org.testcases.FundsTransferTest" tests="1" failures="0" timestamp="2021-07-18T21:20:47 IST" time="4.758" errors="0">
  <testcase name="fundTransfer" time="4.758" classname="org.testcases.FundsTransferTest"/>
  <system-out/>
</testsuite> <!-- org.testcases.FundsTransferTest -->
