<?xml version="1.0" encoding="UTF-8"?>
<!-- Generated by org.testng.reporters.JUnitReportReporter -->
<testsuite skipped="0" hostname="DESKTOP-VDQN2TJ" name="org.testcases.RegistrationTest" tests="3" failures="0" timestamp="2021-07-17T15:36:40 IST" time="17.042" errors="0">
  <testcase name="registration" time="6.155" classname="org.testcases.RegistrationTest"/>
  <system-out/>
  <testcase name="fundTransfer" time="4.043" classname="org.testcases.RegistrationTest"/>
  <system-out/>
  <testcase name="accountActivity" time="6.844" classname="org.testcases.RegistrationTest"/>
  <system-out/>
</testsuite> <!-- org.testcases.RegistrationTest -->
